<?xml version="1.0" encoding="UTF-8"?>
<!-- Generated by org.testng.reporters.JUnitReportReporter -->
<testsuite hostname="DESKTOP-O1M1PCM" failures="0" tests="2" name="TestCases.VerifyRegistrationTestCases" time="10.897" errors="0" timestamp="2024-04-29T00:16:14 IST" skipped="0">
  <testcase classname="TestCases.VerifyRegistrationTestCases" name="verifyRegistrationwithValidData" time="5.443"/>
  <system-out/>
  <testcase classname="TestCases.VerifyRegistrationTestCases" name="verifyRegistrationwithInValidData" time="5.454"/>
  <system-out/>
</testsuite> <!-- TestCases.VerifyRegistrationTestCases -->
